[2025-02-19 08:31:07] INFO: Performing log rotation...
[2025-02-19 08:31:07] INFO: Cleaning up remote servers...
[2025-02-19 08:31:07] ERROR: Error during cleanup: Cannot bind argument to parameter 'Path' because it is null.
[2025-02-19 11:31:36] INFO: Performing log rotation...
[2025-02-19 11:31:36] INFO: Cleaning up remote servers...
[2025-02-19 11:31:36] ERROR: Error during cleanup: Cannot bind argument to parameter 'Path' because it is null.
[2025-02-19 11:35:02] INFO: Performing log rotation...
[2025-02-19 11:35:02] INFO: Cleaning up remote servers...
[2025-02-19 11:35:02] ERROR: Error during cleanup: Cannot bind argument to parameter 'Path' because it is null.
[2025-02-21 14:38:46] INFO: Performing log rotation...
[2025-02-21 14:38:46] INFO: Cleaning up remote servers...
[2025-02-21 14:38:46] ERROR: Error during cleanup: Cannot bind argument to parameter 'Path' because it is null.
[2025-02-21 14:41:42] INFO: Performing log rotation...
[2025-02-21 14:41:42] INFO: Cleaning up remote servers...
[2025-02-21 14:41:42] ERROR: Error during cleanup: Cannot bind argument to parameter 'Path' because it is null.
[2025-02-21 14:45:13] INFO: Performing log rotation...
[2025-02-21 14:45:13] INFO: Cleaning up remote servers...
[2025-02-21 14:45:13] ERROR: Error during cleanup: Cannot bind argument to parameter 'Path' because it is null.
[2025-02-21 14:45:38] INFO: Performing log rotation...
[2025-02-21 14:45:38] INFO: Cleaning up remote servers...
[2025-02-21 14:45:38] ERROR: Error during cleanup: Cannot bind argument to parameter 'Path' because it is null.
[2025-02-21 14:47:06] INFO: Performing log rotation...
[2025-02-21 14:47:06] INFO: Cleaning up remote servers...
[2025-02-21 14:47:06] ERROR: Error during cleanup: Cannot bind argument to parameter 'Path' because it is null.
[2025-02-21 14:47:55] INFO: Performing log rotation...
[2025-02-21 14:47:55] INFO: Cleaning up remote servers...
[2025-02-21 14:47:55] ERROR: Error during cleanup: Cannot bind argument to parameter 'Path' because it is null.
[2025-02-21 14:55:44] INFO: Performing log rotation...
[2025-02-21 14:55:44] INFO: Cleaning up remote servers...
[2025-02-21 14:55:44] ERROR: Error during cleanup: Cannot bind argument to parameter 'Path' because it is null.
[2025-02-21 14:57:16] INFO: Performing log rotation...
[2025-02-21 14:57:16] INFO: Cleaning up remote servers...
[2025-02-21 14:57:16] ERROR: Error during cleanup: Cannot bind argument to parameter 'Path' because it is null.
[2025-02-21 14:59:36] INFO: Performing log rotation...
[2025-02-21 14:59:36] INFO: Cleaning up remote servers...
[2025-02-21 14:59:36] ERROR: Error during cleanup: Cannot bind argument to parameter 'Path' because it is null.
[2025-02-21 15:00:28] INFO: Performing log rotation...
[2025-02-21 15:00:28] INFO: Cleaning up remote servers...
[2025-02-21 15:00:28] ERROR: Error during cleanup: Cannot bind argument to parameter 'Path' because it is null.
[2025-02-21 15:01:21] INFO: Performing log rotation...
[2025-02-21 15:01:21] INFO: Cleaning up remote servers...
[2025-02-21 15:01:21] ERROR: Error during cleanup: Cannot bind argument to parameter 'Path' because it is null.
[2025-02-21 15:02:04] INFO: Performing log rotation...
[2025-02-21 15:02:04] INFO: Cleaning up remote servers...
[2025-02-21 15:02:04] ERROR: Error during cleanup: Cannot bind argument to parameter 'Path' because it is null.
[2025-02-21 15:02:56] INFO: Performing log rotation...
[2025-02-21 15:02:56] INFO: Cleaning up remote servers...
[2025-02-21 15:02:56] ERROR: Error during cleanup: Cannot bind argument to parameter 'Path' because it is null.
[2025-02-21 15:03:34] INFO: Performing log rotation...
[2025-02-21 15:03:34] INFO: Cleaning up remote servers...
[2025-02-21 15:03:34] ERROR: Error during cleanup: Cannot bind argument to parameter 'Path' because it is null.
[2025-02-21 15:07:15] INFO: Performing log rotation...
[2025-02-21 15:07:15] INFO: Cleaning up remote servers...
[2025-02-21 15:07:15] ERROR: Error during cleanup: Cannot bind argument to parameter 'Path' because it is null.
[2025-02-21 15:09:06] INFO: Performing log rotation...
[2025-02-21 15:09:06] INFO: Cleaning up remote servers...
[2025-02-21 15:09:06] ERROR: Error during cleanup: Cannot bind argument to parameter 'Path' because it is null.
[2025-02-21 15:09:15] INFO: Performing log rotation...
[2025-02-21 15:09:15] INFO: Cleaning up remote servers...
[2025-02-21 15:09:15] ERROR: Error during cleanup: Cannot bind argument to parameter 'Path' because it is null.
[2025-02-21 15:09:31] INFO: Performing log rotation...
[2025-02-21 15:09:31] INFO: Cleaning up remote servers...
[2025-02-21 15:09:31] ERROR: Error during cleanup: Cannot bind argument to parameter 'Path' because it is null.
[2025-02-21 15:09:51] INFO: Performing log rotation...
[2025-02-21 15:09:51] INFO: Cleaning up remote servers...
[2025-02-21 15:09:51] ERROR: Error during cleanup: Cannot bind argument to parameter 'Path' because it is null.
[2025-02-21 15:10:40] INFO: Performing log rotation...
[2025-02-21 15:10:40] INFO: Cleaning up remote servers...
[2025-02-21 15:10:40] ERROR: Error during cleanup: Cannot bind argument to parameter 'Path' because it is null.
[2025-02-21 15:11:16] INFO: Performing log rotation...
[2025-02-21 15:11:16] INFO: Cleaning up remote servers...
[2025-02-21 15:11:16] ERROR: Error during cleanup: Cannot bind argument to parameter 'Path' because it is null.
[2025-02-21 15:11:23] INFO: Performing log rotation...
[2025-02-21 15:11:23] INFO: Cleaning up remote servers...
[2025-02-21 15:11:23] ERROR: Error during cleanup: Cannot bind argument to parameter 'Path' because it is null.
[2025-02-21 15:12:12] INFO: Performing log rotation...
[2025-02-21 15:12:13] INFO: Cleaning up remote servers...
[2025-02-21 15:12:13] ERROR: Error during cleanup: Cannot bind argument to parameter 'Path' because it is null.
[2025-02-21 15:14:26] INFO: Performing log rotation...
[2025-02-21 15:14:26] INFO: Cleaning up remote servers...
[2025-02-21 15:14:26] ERROR: Error during cleanup: Cannot bind argument to parameter 'Path' because it is null.
[2025-02-21 15:14:36] INFO: Performing log rotation...
[2025-02-21 15:14:36] INFO: Cleaning up remote servers...
[2025-02-21 15:14:36] ERROR: Error during cleanup: Cannot bind argument to parameter 'Path' because it is null.
[2025-02-21 15:18:16] INFO: Performing log rotation...
[2025-02-21 15:18:16] INFO: Cleaning up remote servers...
[2025-02-21 15:18:16] ERROR: Error during cleanup: Cannot bind argument to parameter 'Path' because it is null.
[2025-02-24 16:09:31] INFO: Creating ZIP file...
[2025-02-24 16:09:31] INFO: ZIP file created: temp_20250224_160931.zip
[2025-02-26 00:05:26] INFO: Performing log rotation...
[2025-02-26 00:05:26] INFO: Cleaning up remote servers...
[2025-02-26 00:05:26] ERROR: Error during cleanup: Cannot bind argument to parameter 'Path' because it is null.
[2025-04-04 14:14:01] INFO: Performing log rotation...
[2025-04-04 14:14:01] INFO: Cleaning up remote servers...
[2025-04-04 14:14:01] ERROR: Error during cleanup: Cannot bind argument to parameter 'Path' because it is null.
[2025-04-04 14:19:07] INFO: Performing log rotation...
[2025-04-04 14:19:07] INFO: Cleaning up remote servers...
[2025-04-04 14:19:07] ERROR: Error during cleanup: Cannot bind argument to parameter 'Path' because it is null.
[2025-04-04 14:29:59] INFO: Performing log rotation...
[2025-04-04 14:29:59] INFO: Cleaning up remote servers...
[2025-04-04 14:29:59] ERROR: Error during cleanup: Cannot bind argument to parameter 'Path' because it is null.
[2025-04-04 14:34:35] INFO: Performing log rotation...
[2025-04-04 14:34:35] INFO: Cleaning up remote servers...
[2025-04-04 14:34:35] ERROR: Error during cleanup: Cannot bind argument to parameter 'Path' because it is null.
[2025-04-04 14:49:07] INFO: Performing log rotation...
[2025-04-04 14:49:07] INFO: Cleaning up remote servers...
[2025-04-04 14:49:07] ERROR: Error during cleanup: Cannot bind argument to parameter 'Path' because it is null.
[2025-04-04 14:57:28] INFO: Performing log rotation...
[2025-04-04 14:57:28] INFO: Cleaning up remote servers...
[2025-04-04 14:57:28] ERROR: Error during cleanup: Cannot bind argument to parameter 'Path' because it is null.
[2025-04-04 14:57:58] INFO: Performing log rotation...
[2025-04-04 14:57:58] INFO: Cleaning up remote servers...
[2025-04-04 14:57:58] ERROR: Error during cleanup: Cannot bind argument to parameter 'Path' because it is null.
